0 info it worked if it ends with ok
1 verbose cli [ 'C:\\Program Files\\nodejs\\node.exe',
1 verbose cli   'C:\\Program Files\\nodejs\\node_modules\\npm\\bin\\npm-cli.js',
1 verbose cli   'install' ]
2 info using npm@3.10.10
3 info using node@v6.11.0
4 silly loadCurrentTree Starting
5 silly install loadCurrentTree
6 silly install readGlobalPackageData
7 silly fetchPackageMetaData .
8 silly fetchDirectoryPackageData .
9 silly install normalizeTree
10 silly loadCurrentTree Finishing
11 silly loadIdealTree Starting
12 silly install loadIdealTree
13 silly cloneCurrentTree Starting
14 silly install cloneCurrentTreeToIdealTree
15 silly cloneCurrentTree Finishing
16 silly loadShrinkwrap Starting
17 silly install loadShrinkwrap
18 silly loadShrinkwrap Finishing
19 silly loadAllDepsIntoIdealTree Starting
20 silly install loadAllDepsIntoIdealTree
21 silly resolveWithNewModule kidii@1.0.0 checking installable status
22 silly cache add args [ '.', null ]
23 verbose cache add spec .
24 silly cache add parsed spec Result {
24 silly cache add   raw: '.',
24 silly cache add   scope: null,
24 silly cache add   escapedName: null,
24 silly cache add   name: null,
24 silly cache add   rawSpec: '.',
24 silly cache add   spec: 'E:\\CodingSystem',
24 silly cache add   type: 'directory' }
25 verbose addLocalDirectory C:\Program Files\nodejs\node_cache\kidii\1.0.0\package.tgz not in flight; packing
26 verbose correctMkdir C:\Program Files\nodejs\node_cache correctMkdir not in flight; initializing
27 error addLocal Could not install E:\CodingSystem
28 silly rollbackFailedOptional Starting
29 silly rollbackFailedOptional Finishing
30 silly runTopLevelLifecycles Finishing
31 silly install printInstalled
32 verbose stack Error: EPERM: operation not permitted, mkdir 'C:\Program Files\nodejs\node_cache\kidii'
32 verbose stack     at Error (native)
33 verbose cwd E:\CodingSystem
34 error Windows_NT 10.0.15063
35 error argv "C:\\Program Files\\nodejs\\node.exe" "C:\\Program Files\\nodejs\\node_modules\\npm\\bin\\npm-cli.js" "install"
36 error node v6.11.0
37 error npm  v3.10.10
38 error path C:\Program Files\nodejs\node_cache\kidii
39 error code EPERM
40 error errno -4048
41 error syscall mkdir
42 error Error: EPERM: operation not permitted, mkdir 'C:\Program Files\nodejs\node_cache\kidii'
42 error     at Error (native)
42 error  { Error: EPERM: operation not permitted, mkdir 'C:\Program Files\nodejs\node_cache\kidii'
42 error     at Error (native)
42 error   errno: -4048,
42 error   code: 'EPERM',
42 error   syscall: 'mkdir',
42 error   path: 'C:\\Program Files\\nodejs\\node_cache\\kidii' }
43 error Please try running this command again as root/Administrator.
44 verbose exit [ -4048, true ]
